<?xml version="1.0" encoding="UTF-8"?>
<!-- Generated by org.testng.reporters.JUnitReportReporter -->
<testsuite skipped="0" hostname="LP-5CG0435Q05" name="TestNg.TestNgAssertions" tests="6" failures="0" timestamp="07 Oct 2021 12:13:32 GMT" time="0.042" errors="0">
  <testcase name="Example6" time="0.003" classname="TestNg.TestNgAssertions"/>
  <testcase name="Example1" time="0.027" classname="TestNg.TestNgAssertions"/>
  <testcase name="Example2" time="0.005" classname="TestNg.TestNgAssertions"/>
  <testcase name="Example4" time="0.003" classname="TestNg.TestNgAssertions"/>
  <testcase name="Example5" time="0.002" classname="TestNg.TestNgAssertions"/>
  <testcase name="Example3" time="0.002" classname="TestNg.TestNgAssertions"/>
</testsuite> <!-- TestNg.TestNgAssertions -->
