<?xml version="1.0" encoding="UTF-8"?>
<!-- Generated by org.testng.reporters.JUnitReportReporter -->
<testsuite skipped="0" hostname="LP-5CG0435Q05" name="TestNg.PrasadGroups" tests="3" failures="0" timestamp="09 Oct 2021 15:05:20 GMT" time="0.013" errors="0">
  <testcase name="Example3" time="0.001" classname="TestNg.PrasadGroups"/>
  <testcase name="Example5" time="0.002" classname="TestNg.PrasadGroups"/>
  <testcase name="Example1" time="0.010" classname="TestNg.PrasadGroups"/>
</testsuite> <!-- TestNg.PrasadGroups -->
