<?xml version="1.0" encoding="UTF-8"?>
<!-- Generated by org.testng.reporters.JUnitReportReporter -->
<testsuite skipped="0" hostname="LP-5CG0435Q05" name="TestNg.softAssert2" tests="1" failures="0" timestamp="07 Oct 2021 13:09:28 GMT" time="0.045" errors="0">
  <testcase name="Assertions" time="0.045" classname="TestNg.softAssert2"/>
</testsuite> <!-- TestNg.softAssert2 -->
