<?xml version="1.0" encoding="UTF-8"?>
<!-- Generated by org.testng.reporters.JUnitReportReporter -->
<testsuite skipped="0" hostname="LP-5CG0435Q05" name="Sample.NewTest" tests="1" failures="0" timestamp="06 Oct 2021 08:27:08 GMT" time="0.014" errors="0">
  <testcase name="f" time="0.014" classname="Sample.NewTest"/>
</testsuite> <!-- Sample.NewTest -->
