<?xml version="1.0" encoding="UTF-8"?>
<!-- Generated by org.testng.reporters.JUnitReportReporter -->
<testsuite skipped="0" hostname="LP-5CG0435Q05" name="TestNg.GroupsMyCode" tests="6" failures="0" timestamp="09 Oct 2021 13:34:13 GMT" time="0.041" errors="0">
  <testcase name="Example2" time="0.003" classname="TestNg.GroupsMyCode"/>
  <testcase name="Example5" time="0.002" classname="TestNg.GroupsMyCode"/>
  <testcase name="Example3" time="0.004" classname="TestNg.GroupsMyCode"/>
  <testcase name="Example6" time="0.002" classname="TestNg.GroupsMyCode"/>
  <testcase name="Example1" time="0.026" classname="TestNg.GroupsMyCode"/>
  <testcase name="Example4" time="0.004" classname="TestNg.GroupsMyCode"/>
</testsuite> <!-- TestNg.GroupsMyCode -->
