<?xml version="1.0" encoding="UTF-8"?>
<!-- Generated by org.testng.reporters.JUnitReportReporter -->
<testsuite skipped="0" hostname="LP-5CG0435Q05" name="TestNg.Priority" tests="5" failures="0" timestamp="10 Oct 2021 04:08:35 GMT" time="0.043" errors="0">
  <testcase name="third" time="0.030" classname="TestNg.Priority"/>
  <testcase name="forth" time="0.000" classname="TestNg.Priority"/>
  <testcase name="first" time="0.000" classname="TestNg.Priority"/>
  <testcase name="fifth" time="0.011" classname="TestNg.Priority"/>
  <testcase name="second" time="0.002" classname="TestNg.Priority"/>
</testsuite> <!-- TestNg.Priority -->
