<?xml version="1.0" encoding="UTF-8"?>
<!-- Generated by org.testng.reporters.JUnitReportReporter -->
<testsuite skipped="0" hostname="LP-5CG0435Q05" name="TestNg.DependsOnMethods" tests="4" failures="0" timestamp="10 Oct 2021 04:06:24 GMT" time="0.016" errors="0">
  <testcase name="Fourth" time="0.010" classname="TestNg.DependsOnMethods"/>
  <testcase name="Second" time="0.002" classname="TestNg.DependsOnMethods"/>
  <testcase name="first" time="0.002" classname="TestNg.DependsOnMethods"/>
  <testcase name="Third" time="0.002" classname="TestNg.DependsOnMethods"/>
</testsuite> <!-- TestNg.DependsOnMethods -->
