<?xml version="1.0" encoding="UTF-8"?>
<!-- Generated by org.testng.reporters.JUnitReportReporter -->
<testsuite skipped="0" hostname="LP-5CG0435Q05" name="TestNg.Groups" tests="4" failures="0" timestamp="09 Oct 2021 14:43:13 GMT" time="0.023" errors="0">
  <testcase name="second" time="0.003" classname="TestNg.Groups"/>
  <testcase name="first" time="0.012" classname="TestNg.Groups"/>
  <testcase name="third" time="0.003" classname="TestNg.Groups"/>
  <testcase name="forth" time="0.005" classname="TestNg.Groups"/>
</testsuite> <!-- TestNg.Groups -->
