<?xml version="1.0" encoding="UTF-8"?>
<!-- Generated by org.testng.reporters.JUnitReportReporter -->
<testsuite skipped="0" hostname="LP-5CG0435Q05" name="TestNg.Methods" tests="2" failures="0" timestamp="06 Oct 2021 08:36:01 GMT" time="0.013" errors="0">
  <testcase name="Sample2" time="0.005" classname="TestNg.Methods"/>
  <testcase name="Sample1" time="0.008" classname="TestNg.Methods"/>
</testsuite> <!-- TestNg.Methods -->
