<?xml version="1.0" encoding="UTF-8"?>
<!-- Generated by org.testng.reporters.JUnitReportReporter -->
<testsuite skipped="0" hostname="LP-5CG0435Q05" name="TestNg.Dataprovider" tests="2" failures="0" timestamp="11 Oct 2021 04:56:52 GMT" time="0.017" errors="0">
  <testcase name="PrasadTest" time="0.014" classname="TestNg.Dataprovider"/>
  <testcase name="PrasadTest" time="0.003" classname="TestNg.Dataprovider"/>
</testsuite> <!-- TestNg.Dataprovider -->
