<?xml version="1.0" encoding="UTF-8"?>
<!-- Generated by org.testng.reporters.JUnitReportReporter -->
<testsuite skipped="0" hostname="LP-5CG0435Q05" name="Sample.Groups" tests="4" failures="0" timestamp="06 Oct 2021 08:24:57 GMT" time="0.024" errors="0">
  <testcase name="third" time="0.005" classname="Sample.Groups"/>
  <testcase name="forth" time="0.004" classname="Sample.Groups"/>
  <testcase name="second" time="0.005" classname="Sample.Groups"/>
  <testcase name="first" time="0.010" classname="Sample.Groups"/>
</testsuite> <!-- Sample.Groups -->
